Train set shape: (36308, 3)
Validation set shape: (4548, 3)
Test set shape: (4590, 3)
Training BERT classifier...

Epoch 1:
Average Training Loss: 1.8444
Average Validation Loss: 1.3978
Training Accuracy: 0.5215
Validation Accuracy: 0.6016
New best validation accuracy: 0.6016

Epoch 2:
Average Training Loss: 1.3136
Average Validation Loss: 1.2977
Training Accuracy: 0.6282
Validation Accuracy: 0.6207
New best validation accuracy: 0.6207

Epoch 3:
Average Training Loss: 1.1261
Average Validation Loss: 1.3019
Training Accuracy: 0.6705
Validation Accuracy: 0.6174

Epoch 4:
Average Training Loss: 0.9782
Average Validation Loss: 1.3488
Training Accuracy: 0.7084
Validation Accuracy: 0.6212
New best validation accuracy: 0.6212

Epoch 5:
Average Training Loss: 0.8504
Average Validation Loss: 1.4401
Training Accuracy: 0.7456
Validation Accuracy: 0.5952

Epoch 6:
Average Training Loss: 0.7365
Average Validation Loss: 1.5226
Training Accuracy: 0.7824
Validation Accuracy: 0.5838

Epoch 7:
Average Training Loss: 0.6472
Average Validation Loss: 1.5735
Training Accuracy: 0.8105
Validation Accuracy: 0.5882

Epoch 8:
Average Training Loss: 0.5734
Average Validation Loss: 1.6492
Training Accuracy: 0.8345
Validation Accuracy: 0.5952

Epoch 9:
Average Training Loss: 0.5192
Average Validation Loss: 1.6977
Training Accuracy: 0.8504
Validation Accuracy: 0.5897

Epoch 10:
Average Training Loss: 0.4885
Average Validation Loss: 1.7226
Training Accuracy: 0.8614
Validation Accuracy: 0.5838

Test Set Results:
Test Accuracy: 0.5941

Classification Report:
              precision    recall  f1-score   support

           0       0.65      0.76      0.70       348
           1       0.78      0.88      0.83       186
           2       0.48      0.51      0.49       131
           3       0.31      0.29      0.30       194
           4       0.42      0.41      0.42       236
           5       0.43      0.45      0.44        86
           6       0.37      0.39      0.38        97
           7       0.45      0.56      0.49       176
           8       0.58      0.46      0.51        56
           9       0.37      0.32      0.34        88
          10       0.37      0.40      0.38       195
          11       0.47      0.54      0.50        76
          12       0.67      0.52      0.59        23
          13       0.41      0.49      0.44        57
          14       0.69      0.74      0.71        65
          15       0.94      0.91      0.92       260
          16       0.00      0.00      0.00         2
          17       0.56      0.58      0.57        93
          18       0.76      0.86      0.80       160
          19       0.40      0.50      0.44        12
          20       0.55      0.63      0.59       107
          21       1.00      0.14      0.25         7
          22       0.25      0.18      0.21        89
          23       0.67      0.29      0.40         7
          24       0.66      0.84      0.74        44
          25       0.56      0.57      0.56       102
          26       0.49      0.53      0.51        87
          27       0.68      0.61      0.64      1606

    accuracy                           0.59      4590
   macro avg       0.53      0.51      0.51      4590
weighted avg       0.60      0.59      0.59      4590


Training GPT-2 classifier...

Epoch 1:
Average Training Loss: 2.5437
Average Validation Loss: 2.2382
Training Accuracy: 0.3779
Validation Accuracy: 0.4598
New best validation accuracy: 0.4598

Epoch 2:
Average Training Loss: 2.0481
Average Validation Loss: 1.8127
Training Accuracy: 0.4691
Validation Accuracy: 0.5266
New best validation accuracy: 0.5266

Epoch 3:
Average Training Loss: 1.7987
Average Validation Loss: 1.6532
Training Accuracy: 0.5136
Validation Accuracy: 0.5583
New best validation accuracy: 0.5583

Epoch 4:
Average Training Loss: 1.6510
Average Validation Loss: 1.5854
Training Accuracy: 0.5439
Validation Accuracy: 0.5646
New best validation accuracy: 0.5646

Epoch 5:
Average Training Loss: 1.5615
Average Validation Loss: 1.5157
Training Accuracy: 0.5655
Validation Accuracy: 0.5750
New best validation accuracy: 0.5750

Epoch 6:
Average Training Loss: 1.4953
Average Validation Loss: 1.4694
Training Accuracy: 0.5785
Validation Accuracy: 0.5919
New best validation accuracy: 0.5919

Epoch 7:
Average Training Loss: 1.4496
Average Validation Loss: 1.4613
Training Accuracy: 0.5873
Validation Accuracy: 0.5884

Epoch 8:
Average Training Loss: 1.4199
Average Validation Loss: 1.4578
Training Accuracy: 0.5964
Validation Accuracy: 0.5917

Epoch 9:
Average Training Loss: 1.3921
Average Validation Loss: 1.4356
Training Accuracy: 0.6012
Validation Accuracy: 0.5952
New best validation accuracy: 0.5952

Epoch 10:
Average Training Loss: 1.3831
Average Validation Loss: 1.4299
Training Accuracy: 0.6040
Validation Accuracy: 0.5965
New best validation accuracy: 0.5965

Test Set Results:
Test Accuracy: 0.5902

Classification Report:
              precision    recall  f1-score   support

           0       0.60      0.74      0.67       348
           1       0.73      0.88      0.80       186
           2       0.37      0.53      0.43       131
           3       0.25      0.13      0.18       194
           4       0.49      0.35      0.40       236
           5       0.38      0.27      0.32        86
           6       0.43      0.39      0.41        97
           7       0.43      0.64      0.52       176
           8       0.54      0.38      0.44        56
           9       0.40      0.05      0.08        88
          10       0.37      0.43      0.40       195
          11       0.50      0.32      0.39        76
          12       0.00      0.00      0.00        23
          13       1.00      0.14      0.25        57
          14       0.61      0.52      0.56        65
          15       0.92      0.90      0.91       260
          16       0.00      0.00      0.00         2
          17       0.52      0.62      0.57        93
          18       0.73      0.92      0.81       160
          19       0.00      0.00      0.00        12
          20       0.59      0.62      0.61       107
          21       0.00      0.00      0.00         7
          22       0.00      0.00      0.00        89
          23       0.00      0.00      0.00         7
          24       0.60      0.77      0.67        44
          25       0.39      0.53      0.45       102
          26       0.40      0.46      0.43        87
          27       0.66      0.70      0.68      1606

    accuracy                           0.59      4590
   macro avg       0.43      0.40      0.39      4590
weighted avg       0.57      0.59      0.57      4590

