Train set shape: (36308, 3)
Validation set shape: (4548, 3)
Test set shape: (4590, 3)
Training BERT classifier...

Epoch 1:
Average Training Loss: 1.5442
Average Validation Loss: 1.2555
Training Accuracy: 0.5670
Validation Accuracy: 0.6223
New best validation accuracy: 0.6223

Epoch 2:
Average Training Loss: 1.1396
Average Validation Loss: 1.2361
Training Accuracy: 0.6523
Validation Accuracy: 0.6291
New best validation accuracy: 0.6291

Epoch 3:
Average Training Loss: 0.9756
Average Validation Loss: 1.2511
Training Accuracy: 0.6985
Validation Accuracy: 0.6253

Training GPT-2 classifier...

Epoch 1:
Average Training Loss: 1.9089
Average Validation Loss: 1.4532
Training Accuracy: 0.4929
Validation Accuracy: 0.5884
New best validation accuracy: 0.5884

Epoch 2:
Average Training Loss: 1.3946
Average Validation Loss: 1.3518
Training Accuracy: 0.5906
Validation Accuracy: 0.6075
New best validation accuracy: 0.6075

Epoch 3:
Average Training Loss: 1.2936
Average Validation Loss: 1.3444
Training Accuracy: 0.6121
Validation Accuracy: 0.6091
New best validation accuracy: 0.6091
