Train set shape: (36308, 3)
Validation set shape: (4548, 3)
Test set shape: (4590, 3)
Shape of baseline features - Train: (36308, 24311)
Shape of baseline features - Validation: (4548, 24311)
Shape of baseline features - Test: (4590, 24311)

Softmax Regression - Model Parameters:
{'C': 1.0, 'class_weight': None, 'dual': False, 'fit_intercept': True, 'intercept_scaling': 1, 'l1_ratio': None, 'max_iter': 100, 'multi_class': 'multinomial', 'n_jobs': None, 'penalty': 'l2', 'random_state': None, 'solver': 'lbfgs', 'tol': 0.0001, 'verbose': 0, 'warm_start': False}

Softmax Regression - Classification Report (Test Set):
                precision    recall  f1-score   support

    admiration       0.62      0.55      0.59       348
     amusement       0.79      0.69      0.74       186
         anger       0.55      0.21      0.31       131
     annoyance       0.42      0.07      0.12       194
      approval       0.47      0.15      0.23       236
        caring       0.50      0.16      0.25        86
     confusion       0.55      0.12      0.20        97
     curiosity       0.50      0.14      0.21       176
        desire       0.65      0.20      0.30        56
disappointment       0.67      0.05      0.09        88
   disapproval       0.37      0.11      0.17       195
       disgust       0.73      0.29      0.42        76
 embarrassment       1.00      0.13      0.23        23
    excitement       0.81      0.23      0.36        57
          fear       1.00      0.37      0.54        65
     gratitude       0.96      0.86      0.91       260
         grief       0.00      0.00      0.00         2
           joy       0.62      0.41      0.49        93
          love       0.76      0.72      0.74       160
   nervousness       0.00      0.00      0.00        12
      optimism       0.66      0.48      0.55       107
         pride       0.00      0.00      0.00         7
   realization       1.00      0.04      0.09        89
        relief       0.00      0.00      0.00         7
       remorse       0.60      0.59      0.60        44
       sadness       0.66      0.32      0.43       102
      surprise       0.38      0.23      0.29        87
       neutral       0.48      0.91      0.63      1606

      accuracy                           0.55      4590
     macro avg       0.56      0.29      0.34      4590
  weighted avg       0.58      0.55      0.49      4590


Random Forest - Model Parameters:
{'bootstrap': True, 'ccp_alpha': 0.0, 'class_weight': None, 'criterion': 'gini', 'max_depth': None, 'max_features': 'sqrt', 'max_leaf_nodes': None, 'max_samples': None, 'min_impurity_decrease': 0.0, 'min_samples_leaf': 1, 'min_samples_split': 2, 'min_weight_fraction_leaf': 0.0, 'monotonic_cst': None, 'n_estimators': 100, 'n_jobs': None, 'oob_score': False, 'random_state': None, 'verbose': 0, 'warm_start': False}

Random Forest - Classification Report (Test Set):
                precision    recall  f1-score   support

    admiration       0.64      0.51      0.57       348
     amusement       0.76      0.75      0.76       186
         anger       0.45      0.19      0.27       131
     annoyance       0.70      0.04      0.07       194
      approval       0.61      0.08      0.15       236
        caring       0.62      0.09      0.16        86
     confusion       0.67      0.04      0.08        97
     curiosity       0.56      0.06      0.10       176
        desire       0.54      0.12      0.20        56
disappointment       1.00      0.01      0.02        88
   disapproval       0.62      0.03      0.05       195
       disgust       0.78      0.33      0.46        76
 embarrassment       0.00      0.00      0.00        23
    excitement       0.75      0.26      0.39        57
          fear       0.75      0.28      0.40        65
     gratitude       0.94      0.87      0.90       260
         grief       0.00      0.00      0.00         2
           joy       0.55      0.39      0.45        93
          love       0.74      0.82      0.78       160
   nervousness       0.00      0.00      0.00        12
      optimism       0.72      0.50      0.59       107
         pride       0.00      0.00      0.00         7
   realization       0.67      0.02      0.04        89
        relief       0.00      0.00      0.00         7
       remorse       0.56      0.57      0.56        44
       sadness       0.69      0.36      0.47       102
      surprise       0.39      0.18      0.25        87
       neutral       0.47      0.93      0.62      1606

      accuracy                           0.54      4590
     macro avg       0.54      0.27      0.30      4590
  weighted avg       0.60      0.54      0.46      4590


XGBoost - Model Parameters:
{'ccp_alpha': 0.0, 'criterion': 'friedman_mse', 'init': None, 'learning_rate': 0.1, 'loss': 'log_loss', 'max_depth': 3, 'max_features': None, 'max_leaf_nodes': None, 'min_impurity_decrease': 0.0, 'min_samples_leaf': 1, 'min_samples_split': 2, 'min_weight_fraction_leaf': 0.0, 'n_estimators': 100, 'n_iter_no_change': None, 'random_state': None, 'subsample': 1.0, 'tol': 0.0001, 'validation_fraction': 0.1, 'verbose': 0, 'warm_start': False}

XGBoost - Classification Report (Test Set):
                precision    recall  f1-score   support

    admiration       0.67      0.50      0.57       348
     amusement       0.76      0.79      0.78       186
         anger       0.45      0.31      0.37       131
     annoyance       0.42      0.07      0.12       194
      approval       0.57      0.11      0.19       236
        caring       0.40      0.14      0.21        86
     confusion       0.46      0.24      0.31        97
     curiosity       0.36      0.09      0.14       176
        desire       0.38      0.20      0.26        56
disappointment       0.30      0.10      0.15        88
   disapproval       0.36      0.07      0.11       195
       disgust       0.47      0.36      0.40        76
 embarrassment       0.32      0.30      0.31        23
    excitement       0.36      0.28      0.32        57
          fear       0.67      0.55      0.61        65
     gratitude       0.92      0.88      0.90       260
         grief       0.00      0.00      0.00         2
           joy       0.56      0.52      0.54        93
          love       0.72      0.82      0.76       160
   nervousness       0.18      0.17      0.17        12
      optimism       0.58      0.53      0.55       107
         pride       0.50      0.14      0.22         7
   realization       0.36      0.11      0.17        89
        relief       0.12      0.14      0.13         7
       remorse       0.59      0.80      0.68        44
       sadness       0.57      0.39      0.47       102
      surprise       0.41      0.32      0.36        87
       neutral       0.51      0.85      0.64      1606

      accuracy                           0.55      4590
     macro avg       0.46      0.35      0.37      4590
  weighted avg       0.54      0.55      0.50      4590

Model comparison table has been saved as 'model_comparison_table.png'
             Model Train Accuracy Validation Accuracy Test Accuracy
Softmax Regression         0.6050              0.5541        0.5503
     Random Forest         0.9961              0.5576        0.5414
           XGBoost         0.7009              0.5536        0.5499
